<?xml version="1.0" encoding="UTF-8"?>
<!-- Generated by org.testng.reporters.JUnitXMLReporter -->
<testsuite ignored="0" hostname="DESKTOP-3BVFOOV" failures="0" tests="2" name="Command line test" time="80.084" errors="0" timestamp="2021-03-20T22:23:25 IST">
  <testcase classname="amazonbookorder.testcases.LaunchBrowserTest" name="launch" time="25.074"/>
  <testcase classname="amazonbookorder.testcases.LaunchBrowserTest" name="verifyIfBrowserIsOpened" time="54.91"/>
</testsuite> <!-- Command line test -->
