<?xml version="1.0" encoding="UTF-8"?>
<testng-results ignored="0" total="2" passed="2" failed="0" skipped="0">
  <reporter-output>
  </reporter-output>
  <suite started-at="2021-03-20T22:22:04 IST" name="amazonbookorder.testcases.LaunchBrowserTest" finished-at="2021-03-20T22:23:24 IST" duration-ms="80084">
    <groups>
    </groups>
    <test started-at="2021-03-20T22:22:04 IST" name="Command line test" finished-at="2021-03-20T22:23:24 IST" duration-ms="80084">
      <class name="amazonbookorder.testcases.LaunchBrowserTest">
        <test-method signature="launch()[pri:0, instance:amazonbookorder.testcases.LaunchBrowserTest@22eeefeb]" started-at="2021-03-20T22:22:04 IST" name="launch" finished-at="2021-03-20T22:22:29 IST" duration-ms="25074" status="PASS">
          <reporter-output>
          </reporter-output>
        </test-method> <!-- launch -->
        <test-method signature="verifyIfBrowserIsOpened()[pri:0, instance:amazonbookorder.testcases.LaunchBrowserTest@22eeefeb]" started-at="2021-03-20T22:22:29 IST" name="verifyIfBrowserIsOpened" finished-at="2021-03-20T22:23:24 IST" duration-ms="54910" status="PASS">
          <reporter-output>
          </reporter-output>
        </test-method> <!-- verifyIfBrowserIsOpened -->
      </class> <!-- amazonbookorder.testcases.LaunchBrowserTest -->
    </test> <!-- Command line test -->
  </suite> <!-- amazonbookorder.testcases.LaunchBrowserTest -->
</testng-results>
