<?xml version="1.0" encoding="UTF-8"?>
<testng-results ignored="0" total="2" passed="2" failed="0" skipped="0">
  <reporter-output>
  </reporter-output>
  <suite started-at="2021-03-22T14:41:05 IST" name="Default suite" finished-at="2021-03-22T14:41:57 IST" duration-ms="52130">
    <groups>
    </groups>
    <test started-at="2021-03-22T14:41:05 IST" name="Default test" finished-at="2021-03-22T14:41:57 IST" duration-ms="52130">
      <class name="amazonbookorder.testcases.LaunchBrowserTest">
        <test-method signature="launch()[pri:0, instance:amazonbookorder.testcases.LaunchBrowserTest@43301423]" started-at="2021-03-22T14:41:05 IST" name="launch" finished-at="2021-03-22T14:41:08 IST" duration-ms="3350" status="PASS">
          <reporter-output>
          </reporter-output>
        </test-method> <!-- launch -->
        <test-method signature="verifyIfBrowserIsOpened()[pri:0, instance:amazonbookorder.testcases.LaunchBrowserTest@43301423]" started-at="2021-03-22T14:41:08 IST" name="verifyIfBrowserIsOpened" finished-at="2021-03-22T14:41:57 IST" duration-ms="48709" status="PASS">
          <reporter-output>
          </reporter-output>
        </test-method> <!-- verifyIfBrowserIsOpened -->
      </class> <!-- amazonbookorder.testcases.LaunchBrowserTest -->
    </test> <!-- Default test -->
  </suite> <!-- Default suite -->
</testng-results>
